TN:
SF:src\modules\rpers\services\CreateRperService.ts
FN:16,(anonymous_12)
FN:20,(anonymous_13)
FNF:2
FNH:2
FNDA:2,(anonymous_12)
FNDA:3,(anonymous_13)
DA:3,1
DA:5,1
DA:14,1
DA:18,2
DA:21,3
DA:23,3
DA:24,1
DA:27,2
DA:32,2
DA:36,1
LF:10
LH:10
BRDA:23,0,0,1
BRF:1
BRH:1
end_of_record
TN:
SF:src\modules\users\services\AuthenticateUserService.ts
FN:23,(anonymous_12)
FN:27,(anonymous_13)
FNF:2
FNH:0
FNDA:0,(anonymous_12)
FNDA:0,(anonymous_13)
DA:2,0
DA:3,0
DA:4,0
DA:5,0
DA:9,0
DA:22,0
DA:25,0
DA:28,0
DA:30,0
DA:31,0
DA:34,0
DA:36,0
DA:37,0
DA:41,0
DA:42,0
DA:47,0
DA:55,0
LF:17
LH:0
BRDA:30,0,0,0
BRDA:36,1,0,0
BRF:2
BRH:0
end_of_record
TN:
SF:src\modules\users\services\CreateUserService.ts
FN:16,(anonymous_12)
FN:20,(anonymous_13)
FNF:2
FNH:2
FNDA:3,(anonymous_12)
FNDA:4,(anonymous_13)
DA:3,1
DA:4,1
DA:6,1
DA:15,1
DA:18,3
DA:22,4
DA:23,4
DA:24,1
DA:27,3
DA:28,1
DA:31,2
DA:33,2
DA:39,2
DA:43,1
LF:14
LH:14
BRDA:23,0,0,1
BRDA:27,1,0,1
BRF:2
BRH:2
end_of_record
TN:
SF:src\modules\users\services\UpdateUserAvatarService.ts
FN:17,(anonymous_12)
FN:21,(anonymous_13)
FNF:2
FNH:0
FNDA:0,(anonymous_12)
FNDA:0,(anonymous_13)
DA:2,0
DA:3,0
DA:4,0
DA:5,0
DA:8,0
DA:16,0
DA:19,0
DA:22,0
DA:24,0
DA:25,0
DA:28,0
DA:30,0
DA:31,0
DA:33,0
DA:34,0
DA:38,0
DA:39,0
DA:41,0
DA:45,0
LF:19
LH:0
BRDA:24,0,0,0
BRDA:28,1,0,0
BRDA:33,2,0,0
BRF:3
BRH:0
end_of_record
