TN:
SF:src\modules\rpers\services\CreateRperService.ts
FN:16,(anonymous_12)
FN:20,(anonymous_13)
FNF:2
FNH:2
FNDA:2,(anonymous_12)
FNDA:3,(anonymous_13)
DA:3,1
DA:5,1
DA:14,1
DA:18,2
DA:21,3
DA:23,3
DA:24,1
DA:27,2
DA:32,2
DA:36,1
LF:10
LH:10
BRDA:23,0,0,1
BRF:1
BRH:1
end_of_record
TN:
SF:src\modules\users\services\AuthenticateUserService.ts
FN:23,(anonymous_12)
FN:31,(anonymous_13)
FNF:2
FNH:2
FNDA:3,(anonymous_12)
FNDA:3,(anonymous_13)
DA:2,1
DA:3,1
DA:4,1
DA:9,1
DA:22,1
DA:25,3
DA:28,3
DA:32,3
DA:34,3
DA:35,1
DA:38,2
DA:40,2
DA:41,1
DA:45,1
DA:48,1
DA:53,1
DA:60,1
LF:17
LH:17
BRDA:34,0,0,1
BRDA:40,1,0,1
BRF:2
BRH:2
end_of_record
TN:
SF:src\modules\users\services\CreateUserService.ts
FN:16,(anonymous_12)
FN:24,(anonymous_13)
FNF:2
FNH:2
FNDA:5,(anonymous_12)
FNDA:6,(anonymous_13)
DA:4,2
DA:6,2
DA:15,2
DA:18,5
DA:21,5
DA:26,6
DA:27,6
DA:28,1
DA:31,5
DA:32,1
DA:35,4
DA:37,4
DA:43,4
DA:47,2
LF:14
LH:14
BRDA:27,0,0,1
BRDA:31,1,0,1
BRF:2
BRH:2
end_of_record
TN:
SF:src\modules\users\services\UpdateUserAvatarService.ts
FN:18,(anonymous_12)
FN:26,(anonymous_13)
FNF:2
FNH:2
FNDA:3,(anonymous_12)
FNDA:4,(anonymous_13)
DA:5,1
DA:9,1
DA:17,1
DA:20,3
DA:23,3
DA:27,4
DA:29,4
DA:30,1
DA:33,3
DA:35,1
DA:38,3
DA:40,3
DA:42,3
DA:44,3
DA:48,1
LF:15
LH:15
BRDA:29,0,0,1
BRDA:33,1,0,1
BRF:2
BRH:2
end_of_record
